2025-07-20 01:07:24,674 - INFO - Zip download completed
2025-07-20 01:07:26,207 - INFO - Ingest folder cleared
2025-07-20 01:07:28,745 - INFO - JSON files extracted
2025-07-20 01:07:28,747 - INFO - Ingest completed
2025-07-20 01:07:28,747 - INFO - Ingest flow completed
2025-07-20 01:07:28,747 - INFO - Ingest completed
2025-07-20 01:07:40,164 - INFO - Conversion from json to pkl completed
2025-07-20 01:07:40,164 - INFO - Raw flow completed
2025-07-20 01:07:40,164 - INFO - Raw completed
2025-07-20 01:07:43,751 - INFO - Match info extraction completed for 19488 matches
2025-07-20 01:07:43,756 - INFO - Match info write completed
2025-07-20 01:09:02,510 - INFO - Innings extraction completed for 10011510 deliveries
2025-07-20 01:09:03,423 - INFO - Innings write completed
2025-07-20 01:09:07,288 - INFO - Registry extraction completed for 507488 people
2025-07-20 01:09:07,319 - INFO - Registry write completed
2025-07-20 01:09:07,320 - INFO - Bronze flow completed
2025-07-20 01:09:07,565 - INFO - Bronze completed
2025-07-20 01:09:07,574 - INFO - Create schema completed
2025-07-20 01:09:07,574 - INFO - Create schema completed
2025-07-20 01:09:07,611 - INFO - Create views completed
2025-07-20 01:09:07,611 - INFO - Create views completed
2025-07-20 01:09:07,637 - INFO - Wide table v01 completed
2025-07-20 01:09:07,675 - INFO - Batting order completed
2025-07-20 01:09:29,838 - INFO - Create wide table completed
2025-07-20 01:09:32,092 - INFO - Create wide table completed
2025-07-20 01:09:32,092 - INFO - Silver completed
2025-07-20 01:09:32,205 - INFO - Dim bowler completed
2025-07-20 01:12:37,936 - INFO - Zip download completed
2025-07-20 01:12:39,440 - INFO - Ingest folder cleared
2025-07-20 01:12:42,032 - INFO - JSON files extracted
2025-07-20 01:12:42,033 - INFO - Ingest completed
2025-07-20 01:12:42,033 - INFO - Ingest flow completed
2025-07-20 01:12:42,034 - INFO - Ingest completed
2025-07-20 01:12:53,310 - INFO - Conversion from json to pkl completed
2025-07-20 01:12:53,310 - INFO - Raw flow completed
2025-07-20 01:12:53,310 - INFO - Raw completed
2025-07-20 01:12:56,909 - INFO - Match info extraction completed for 19488 matches
2025-07-20 01:12:56,915 - INFO - Match info write completed
2025-07-20 01:14:15,643 - INFO - Innings extraction completed for 10011510 deliveries
2025-07-20 01:14:16,558 - INFO - Innings write completed
2025-07-20 01:14:20,397 - INFO - Registry extraction completed for 507488 people
2025-07-20 01:14:20,428 - INFO - Registry write completed
2025-07-20 01:14:20,428 - INFO - Bronze flow completed
2025-07-20 01:14:20,670 - INFO - Bronze completed
2025-07-20 01:14:20,678 - INFO - Create schema completed
2025-07-20 01:14:20,678 - INFO - Create schema completed
2025-07-20 01:14:20,716 - INFO - Create views completed
2025-07-20 01:14:20,716 - INFO - Create views completed
2025-07-20 01:14:20,741 - INFO - Wide table v01 completed
2025-07-20 01:14:20,778 - INFO - Batting order completed
2025-07-20 01:14:43,164 - INFO - Create wide table completed
2025-07-20 01:14:45,382 - INFO - Create wide table completed
2025-07-20 01:14:45,382 - INFO - Silver completed
2025-07-20 01:14:45,479 - INFO - Dim bowler completed
