2025-07-19 18:10:26,797 - INFO - Zip download comple
2025-07-19 18:43:53,282 - INFO - Zip download comple
2025-07-19 18:43:54,697 - INFO - Ingest folder cleared
2025-07-19 18:43:57,149 - INFO - JSON files extracted
2025-07-19 18:43:57,151 - INFO - Ingest completed
2025-07-19 19:04:29,591 - INFO - Conversion from json to pkl completed
2025-07-19 22:35:51,525 - INFO - INGEST: Zip download completed
2025-07-19 22:35:53,251 - INFO - INGEST: Ingest folder cleared
2025-07-19 22:35:55,766 - INFO - INGEST: JSON files extracted
2025-07-19 22:35:55,768 - INFO - INGEST: Ingest completed
2025-07-19 22:35:55,768 - INFO - INGEST: Ingest flow completed
2025-07-20 01:02:36,677 - INFO - INGEST: Zip download completed
2025-07-20 01:02:38,321 - INFO - INGEST: Ingest folder cleared
2025-07-20 01:02:40,858 - INFO - INGEST: JSON files extracted
2025-07-20 01:02:40,860 - INFO - INGEST: Ingest completed
2025-07-20 01:02:40,860 - INFO - INGEST: Ingest flow completed
2025-07-20 01:19:02,146 - INFO - INGEST: Zip download completed
2025-07-20 01:19:03,500 - INFO - INGEST: Ingest folder cleared
2025-07-20 01:19:05,948 - INFO - INGEST: JSON files extracted
2025-07-20 01:19:05,950 - INFO - INGEST: Ingest completed
2025-07-20 01:19:05,950 - INFO - INGEST: Ingest flow completed
2025-07-20 01:37:11,382 - INFO - INGEST: Zip download completed
2025-07-20 01:37:12,985 - INFO - INGEST: Ingest folder cleared
2025-07-20 01:37:15,461 - INFO - INGEST: JSON files extracted
2025-07-20 01:37:15,462 - INFO - INGEST: Ingest completed
2025-07-20 01:37:15,462 - INFO - INGEST: Ingest flow completed
