2025-07-19 22:35:55,768 - INFO - MAIN: Ingest completed
2025-07-19 22:36:07,315 - INFO - MAIN: Raw completed
2025-07-19 22:37:34,034 - INFO - MAIN: Bronze completed
2025-07-19 22:37:34,034 - INFO - MAIN: Main pipeline completed
2025-07-20 01:02:40,860 - INFO - MAIN: Ingest completed
2025-07-20 01:02:52,237 - INFO - MAIN: Raw completed
2025-07-20 01:04:19,822 - INFO - MAIN: Bronze completed
2025-07-20 01:19:05,950 - INFO - MAIN: Ingest completed
2025-07-20 01:19:17,118 - INFO - MAIN: Raw completed
2025-07-20 01:20:44,558 - INFO - MAIN: Bronze completed
2025-07-20 01:21:08,996 - INFO - MAIN: Silver completed
2025-07-20 01:21:10,042 - INFO - MAIN: Model completed
2025-07-20 01:21:10,042 - INFO - MAIN: Main pipeline completed
2025-07-20 01:37:15,462 - INFO - MAIN: Ingest completed
2025-07-20 01:37:27,082 - INFO - MAIN: Raw completed
2025-07-20 01:38:56,262 - INFO - MAIN: Bronze completed
2025-07-20 01:39:19,495 - INFO - MAIN: Silver completed
2025-07-20 01:39:20,547 - INFO - MAIN: Model completed
2025-07-20 01:39:22,929 - INFO - MAIN: Database vacuum completed
2025-07-20 01:39:22,929 - INFO - MAIN: Main pipeline completed
